11/05/2024 22:29:18 [grizzly-http-server-26] INFO  org.configuration._Logger - Recuperação de portes de empresa feita com sucesso, total de linhas: 5
11/05/2024 22:29:18 [grizzly-http-server-24] INFO  org.configuration._Logger - Recuperação de Paises feita com sucesso
11/05/2024 22:29:18 [grizzly-http-server-25] INFO  org.configuration._Logger - Recuperação de idiomas feita com sucesso, total de idiomas: 16
11/05/2024 22:29:19 [grizzly-http-server-27] INFO  org.configuration._Logger - Recuperação de portes de empresa feita com sucesso, total de linhas: 5
11/05/2024 22:29:19 [grizzly-http-server-28] INFO  org.configuration._Logger - Recuperação de Paises feita com sucesso
11/05/2024 22:29:19 [grizzly-http-server-29] INFO  org.configuration._Logger - Recuperação de idiomas feita com sucesso, total de idiomas: 16
11/05/2024 22:39:35 [grizzly-http-server-30] INFO  org.configuration._Logger - Recuperação de Paises feita com sucesso
11/05/2024 22:39:35 [grizzly-http-server-31] INFO  org.configuration._Logger - Recuperação de idiomas feita com sucesso, total de idiomas: 16
11/05/2024 22:39:35 [grizzly-http-server-2] INFO  org.configuration._Logger - Recuperação de portes de empresa feita com sucesso, total de linhas: 5
11/05/2024 22:39:35 [grizzly-http-server-1] INFO  org.configuration._Logger - Recuperação de Paises feita com sucesso
11/05/2024 22:39:35 [grizzly-http-server-3] INFO  org.configuration._Logger - Recuperação de portes de empresa feita com sucesso, total de linhas: 5
11/05/2024 22:39:35 [grizzly-http-server-0] INFO  org.configuration._Logger - Recuperação de idiomas feita com sucesso, total de idiomas: 16
18/05/2024 20:01:23 [grizzly-http-server-10] INFO  org.configuration._Logger - Recuperação de Pais feita com sucesso
18/05/2024 20:01:23 [grizzly-http-server-10] INFO  org.configuration._Logger - Recuperação de idioma feita com sucesso
18/05/2024 20:01:23 [grizzly-http-server-10] INFO  org.configuration._Logger - Recuperação de porte de empresa feita com sucesso
18/05/2024 20:01:23 [grizzly-http-server-10] INFO  org.configuration._Logger - Recuperação de Pais feita com sucesso
18/05/2024 20:01:23 [grizzly-http-server-10] INFO  org.configuration._Logger - Recuperação de idioma feita com sucesso
18/05/2024 20:01:24 [grizzly-http-server-10] INFO  org.configuration._Logger - Recuperação de porte de empresa feita com sucesso
18/05/2024 20:01:24 [grizzly-http-server-10] INFO  org.configuration._Logger - Recuperação de Pais feita com sucesso
18/05/2024 20:01:24 [grizzly-http-server-10] INFO  org.configuration._Logger - Recuperação de idioma feita com sucesso
18/05/2024 20:01:24 [grizzly-http-server-10] INFO  org.configuration._Logger - Recuperação de porte de empresa feita com sucesso
18/05/2024 20:01:24 [grizzly-http-server-10] INFO  org.configuration._Logger - Recuperação de Pais feita com sucesso
18/05/2024 20:01:24 [grizzly-http-server-10] INFO  org.configuration._Logger - Recuperação de idioma feita com sucesso
18/05/2024 20:01:24 [grizzly-http-server-10] INFO  org.configuration._Logger - Recuperação de porte de empresa feita com sucesso
18/05/2024 20:01:24 [grizzly-http-server-10] INFO  org.configuration._Logger - Recuperação de Pais feita com sucesso
18/05/2024 20:01:25 [grizzly-http-server-10] INFO  org.configuration._Logger - Recuperação de idioma feita com sucesso
18/05/2024 20:01:25 [grizzly-http-server-10] INFO  org.configuration._Logger - Recuperação de porte de empresa feita com sucesso
18/05/2024 20:01:25 [grizzly-http-server-10] INFO  org.configuration._Logger - Recuperação de Pais feita com sucesso
18/05/2024 20:01:25 [grizzly-http-server-10] INFO  org.configuration._Logger - Recuperação de idioma feita com sucesso
18/05/2024 20:01:25 [grizzly-http-server-10] INFO  org.configuration._Logger - Recuperação de porte de empresa feita com sucesso
18/05/2024 20:01:25 [grizzly-http-server-10] INFO  org.configuration._Logger - Recuperação de Pais feita com sucesso
18/05/2024 20:01:25 [grizzly-http-server-10] INFO  org.configuration._Logger - Recuperação de idioma feita com sucesso
18/05/2024 20:01:25 [grizzly-http-server-10] INFO  org.configuration._Logger - Recuperação de porte de empresa feita com sucesso
18/05/2024 20:01:25 [grizzly-http-server-10] INFO  org.configuration._Logger - Recuperação de Pais feita com sucesso
18/05/2024 20:01:26 [grizzly-http-server-10] INFO  org.configuration._Logger - Recuperação de idioma feita com sucesso
18/05/2024 20:01:26 [grizzly-http-server-10] INFO  org.configuration._Logger - Recuperação de porte de empresa feita com sucesso
18/05/2024 20:01:26 [grizzly-http-server-10] INFO  org.configuration._Logger - Recuperação de Pais feita com sucesso
18/05/2024 20:01:26 [grizzly-http-server-10] INFO  org.configuration._Logger - Recuperação de idioma feita com sucesso
18/05/2024 20:01:26 [grizzly-http-server-10] INFO  org.configuration._Logger - Recuperação de porte de empresa feita com sucesso
18/05/2024 20:01:26 [grizzly-http-server-10] INFO  org.configuration._Logger - Recuperação de Pais feita com sucesso
18/05/2024 20:01:26 [grizzly-http-server-10] INFO  org.configuration._Logger - Recuperação de idioma feita com sucesso
18/05/2024 20:01:26 [grizzly-http-server-10] INFO  org.configuration._Logger - Recuperação de porte de empresa feita com sucesso
18/05/2024 20:01:27 [grizzly-http-server-10] INFO  org.configuration._Logger - Recuperação de Pais feita com sucesso
18/05/2024 20:01:27 [grizzly-http-server-10] INFO  org.configuration._Logger - Recuperação de idioma feita com sucesso
18/05/2024 20:01:27 [grizzly-http-server-10] INFO  org.configuration._Logger - Recuperação de porte de empresa feita com sucesso
18/05/2024 20:01:27 [grizzly-http-server-10] INFO  org.configuration._Logger - Recuperação de Pais feita com sucesso
18/05/2024 20:01:27 [grizzly-http-server-10] INFO  org.configuration._Logger - Recuperação de idioma feita com sucesso
18/05/2024 20:01:27 [grizzly-http-server-10] INFO  org.configuration._Logger - Recuperação de porte de empresa feita com sucesso
18/05/2024 20:01:27 [grizzly-http-server-10] INFO  org.configuration._Logger - Nenhum pais encontrado com este id
18/05/2024 20:01:27 [grizzly-http-server-10] INFO  org.configuration._Logger - Recuperação de idioma feita com sucesso
18/05/2024 20:01:27 [grizzly-http-server-10] INFO  org.configuration._Logger - Recuperação de porte de empresa feita com sucesso
18/05/2024 20:01:28 [grizzly-http-server-10] INFO  org.configuration._Logger - Recuperação de Pais feita com sucesso
18/05/2024 20:01:28 [grizzly-http-server-10] INFO  org.configuration._Logger - Recuperação de idioma feita com sucesso
18/05/2024 20:01:28 [grizzly-http-server-10] INFO  org.configuration._Logger - Recuperação de porte de empresa feita com sucesso
18/05/2024 20:01:28 [grizzly-http-server-10] INFO  org.configuration._Logger - Recuperação de Pais feita com sucesso
18/05/2024 20:01:28 [grizzly-http-server-10] INFO  org.configuration._Logger - Recuperação de idioma feita com sucesso
18/05/2024 20:01:28 [grizzly-http-server-10] INFO  org.configuration._Logger - Recuperação de porte de empresa feita com sucesso
18/05/2024 20:01:28 [grizzly-http-server-10] INFO  org.configuration._Logger - Recuperação de Pais feita com sucesso
18/05/2024 20:01:28 [grizzly-http-server-10] INFO  org.configuration._Logger - Recuperação de idioma feita com sucesso
18/05/2024 20:01:29 [grizzly-http-server-10] INFO  org.configuration._Logger - Recuperação de porte de empresa feita com sucesso
18/05/2024 20:01:29 [grizzly-http-server-10] INFO  org.configuration._Logger - Recuperação de testes grátis feita com sucesso, total de testes grátis: 16
18/05/2024 20:02:18 [grizzly-http-server-1] INFO  org.configuration._Logger - Recuperação de Paises feita com sucesso
18/05/2024 20:02:18 [grizzly-http-server-3] INFO  org.configuration._Logger - Recuperação de portes de empresa feita com sucesso, total de linhas: 5
18/05/2024 20:02:18 [grizzly-http-server-15] INFO  org.configuration._Logger - Recuperação de idiomas feita com sucesso, total de idiomas: 16
18/05/2024 20:02:18 [grizzly-http-server-6] INFO  org.configuration._Logger - Recuperação de idiomas feita com sucesso, total de idiomas: 16
18/05/2024 20:02:18 [grizzly-http-server-5] INFO  org.configuration._Logger - Recuperação de portes de empresa feita com sucesso, total de linhas: 5
18/05/2024 20:02:19 [grizzly-http-server-4] INFO  org.configuration._Logger - Recuperação de Paises feita com sucesso
18/05/2024 20:02:37 [grizzly-http-server-23] INFO  org.configuration._Logger - Email já cadastrado na tabela de teste grátis
